<?xml version="1.0" encoding="UTF-8"?>
<!-- Generated by org.testng.reporters.JUnitReportReporter -->
<testsuite skipped="0" hostname="BRTL086" name="com.ether.runner.CucumberTestRunner" tests="1" failures="0" timestamp="03 Jun 2020 13:29:38 GMT" time="38.077" errors="0">
  <testcase name="feature" time="38.077" classname="com.ether.runner.CucumberTestRunner"/>
</testsuite> <!-- com.ether.runner.CucumberTestRunner -->
