<?xml version="1.0" encoding="UTF-8"?>
<!-- Generated by org.testng.reporters.JUnitReportReporter -->
<testsuite skipped="0" hostname="BRTL086" name="com.ether.runner.CucumberTestRunner" tests="2" failures="0" timestamp="02 Jun 2020 14:48:22 GMT" time="92.110" errors="0">
  <testcase name="feature" time="49.649" classname="com.ether.runner.CucumberTestRunner"/>
  <testcase name="feature" time="42.461" classname="com.ether.runner.CucumberTestRunner"/>
</testsuite> <!-- com.ether.runner.CucumberTestRunner -->
